\BOOKMARK [0][]{Doc-Start}{\376\377\162\354\122\033\130\360\146\016}{}% 1
\BOOKMARK [0][]{Doc-Start}{\376\377\144\130\211\201}{}% 2
\BOOKMARK [0][]{chapter.1}{\376\377\173\054\0001\172\340\000\040\000\040\176\352\213\272}{}% 3
\BOOKMARK [1][]{section.1.1}{\376\377\0001\000.\0001\000\040\153\143\133\232\167\351\226\065\170\024\172\166\163\260\162\266}{chapter.1}% 4
\BOOKMARK [1][]{section.1.2}{\376\377\0001\000.\0002\000\040\147\054\145\207\121\205\133\271\123\312\133\211\143\222}{chapter.1}% 5
\BOOKMARK [0][]{chapter.2}{\376\377\173\054\0002\172\340\000\040\000\040\153\143\133\232\167\351\226\065\123\312\121\166\140\047\215\050}{}% 6
\BOOKMARK [1][]{section.2.1}{\376\377\0002\000.\0001\000\040\153\143\133\232\167\351\226\065\166\204\133\232\116\111\123\312\166\370\121\163\137\025\164\006}{chapter.2}% 7
\BOOKMARK [1][]{section.2.2}{\376\377\0002\000.\0002\000\040\153\143\133\232\167\351\226\065\166\204\140\047\215\050}{chapter.2}% 8
\BOOKMARK [0][]{chapter.3}{\376\377\173\054\0003\172\340\000\040\000\040\153\143\133\232\167\351\226\065\166\204\122\044\133\232\145\271\154\325}{}% 9
\BOOKMARK [1][]{section.3.1}{\376\377\0003\000.\0001\000\040\133\232\116\111\154\325}{chapter.3}% 10
\BOOKMARK [1][]{section.3.2}{\376\377\0003\000.\0002\000\040\230\172\136\217\116\073\133\120\137\017\154\325}{chapter.3}% 11
\BOOKMARK [1][]{section.3.3}{\376\377\0003\000.\0003\000\040\162\171\137\201\120\074\154\325}{chapter.3}% 12
\BOOKMARK [1][]{section.3.4}{\376\377\0003\000.\0004\000\040\140\357\140\047\143\007\145\160\154\325}{chapter.3}% 13
\BOOKMARK [1][]{section.3.5}{\376\377\0003\000.\0005\000\040\124\010\124\014\154\325}{chapter.3}% 14
\BOOKMARK [1][]{section.3.6}{\376\377\0003\000.\0006\000\040\142\306\122\006\154\325}{chapter.3}% 15
\BOOKMARK [1][]{section.3.7}{\376\377\0003\000.\0007\000\040\140\073\176\323}{chapter.3}% 16
\BOOKMARK [0][]{chapter.4}{\376\377\173\054\0004\172\340\000\040\000\040\153\143\133\232\167\351\226\065\166\204\211\343\230\230\136\224\165\050}{}% 17
\BOOKMARK [1][]{section.4.1}{\376\377\0004\000.\0001\000\040\167\351\226\065\122\006\211\343}{chapter.4}% 18
\BOOKMARK [1][]{section.4.2}{\376\377\0004\000.\0002\000\040\116\015\173\111\137\017}{chapter.4}% 19
\BOOKMARK [1][]{section.4.3}{\376\377\0004\000.\0003\000\040\147\201\120\074\225\356\230\230}{chapter.4}% 20
\BOOKMARK [0][]{chapter.5}{\376\377\173\054\0005\172\340\000\040\000\040\176\323\213\272}{}% 21
\BOOKMARK [0][]{chapter.5}{\376\377\123\302\200\003\145\207\163\056}{}% 22
\BOOKMARK [0][]{chapter*.1}{\376\377\201\364\214\042}{}% 23
