This is XeTeX, Version 3.141592653-2.6-0.999996 (TeX Live 2024) (preloaded format=xelatex 2024.7.19)  16 AUG 2024 16:19
entering extended mode
 restricted \write18 enabled.
 %&-line parsing enabled.
**biaoge_zhidao.tex
(./biaoge_zhidao.tex
LaTeX2e <2023-11-01> patch level 1
L3 programming layer <2024-02-20>
! Undefined control sequence.
l.2 \extrarowsep
                =.8mm
The control sequence at the end of the top line
of your error message was never \def'ed. If you have
misspelled it (e.g., `\hobx'), type `I' and the correct
spelling (e.g., `I\hbox'). Otherwise just continue,
and I'll forget about whatever was undefined.


! LaTeX Error: Missing \begin{document}.

See the LaTeX manual or LaTeX Companion for explanation.
Type  H <return>  for immediate help.
 ...                                              
                                                  
l.2 \extrarowsep=
                 .8mm
You're in trouble here.  Try typing  <return>  to proceed.
If that doesn't work, type  X <return>  to quit.

Missing character: There is no = ("3D) in font nullfont!
Missing character: There is no . ("2E) in font nullfont!
Missing character: There is no 8 ("38) in font nullfont!
Missing character: There is no m ("6D) in font nullfont!
Missing character: There is no m ("6D) in font nullfont!

Overfull \hbox (20.0pt too wide) in paragraph at lines 2--3
[] 
 []


! LaTeX Error: Environment tabu undefined.

See the LaTeX manual or LaTeX Companion for explanation.
Type  H <return>  for immediate help.
 ...                                              
                                                  
l.4 \begin{tabu}
                to .948\linewidth{X[c]X[c,1.2]X[c,.6]X[c,1.15]}
Your command was ignored.
Type  I <command> <return>  to replace it with another command,
or  <return>  to continue without it.


! LaTeX Error: Missing \begin{document}.

See the LaTeX manual or LaTeX Companion for explanation.
Type  H <return>  for immediate help.
 ...                                              
                                                  
l.4 \begin{tabu}t
                 o .948\linewidth{X[c]X[c,1.2]X[c,.6]X[c,1.15]}
You're in trouble here.  Try typing  <return>  to proceed.
If that doesn't work, type  X <return>  to quit.

Missing character: There is no t ("74) in font nullfont!
Missing character: There is no o ("6F) in font nullfont!
Missing character: There is no . ("2E) in font nullfont!
Missing character: There is no 9 ("39) in font nullfont!
Missing character: There is no 4 ("34) in font nullfont!
Missing character: There is no 8 ("38) in font nullfont!
! Missing number, treated as zero.
<to be read again> 
                   {
l.4 \begin{tabu}to .948\linewidth{
                                  X[c]X[c,1.2]X[c,.6]X[c,1.15]}
A number should have been here; I inserted `0'.
(If you can't figure out why I needed to see a number,
look up `weird error' in the index to The TeXbook.)

! Illegal unit of measure (pt inserted).
<to be read again> 
                   {
l.4 \begin{tabu}to .948\linewidth{
                                  X[c]X[c,1.2]X[c,.6]X[c,1.15]}
Dimensions can be in units of em, ex, in, pt, pc,
cm, mm, dd, cc, bp, or sp; but yours is a new one!
I'll assume that you meant to say pt, for printer's points.
To recover gracefully from this error, it's best to
delete the erroneous units; e.g., type `2' to delete
two letters. (See Chapter 27 of The TeXbook.)

Missing character: There is no X ("58) in font nullfont!
Missing character: There is no [ ("5B) in font nullfont!
Missing character: There is no c ("63) in font nullfont!
Missing character: There is no ] ("5D) in font nullfont!
Missing character: There is no X ("58) in font nullfont!
Missing character: There is no [ ("5B) in font nullfont!
Missing character: There is no c ("63) in font nullfont!
Missing character: There is no , ("2C) in font nullfont!
Missing character: There is no 1 ("31) in font nullfont!
Missing character: There is no . ("2E) in font nullfont!
Missing character: There is no 2 ("32) in font nullfont!
Missing character: There is no ] ("5D) in font nullfont!
Missing character: There is no X ("58) in font nullfont!
Missing character: There is no [ ("5B) in font nullfont!
Missing character: There is no c ("63) in font nullfont!
Missing character: There is no , ("2C) in font nullfont!
Missing character: There is no . ("2E) in font nullfont!
Missing character: There is no 6 ("36) in font nullfont!
Missing character: There is no ] ("5D) in font nullfont!
Missing character: There is no X ("58) in font nullfont!
Missing character: There is no [ ("5B) in font nullfont!
Missing character: There is no c ("63) in font nullfont!
Missing character: There is no , ("2C) in font nullfont!
Missing character: There is no 1 ("31) in font nullfont!
Missing character: There is no . ("2E) in font nullfont!
Missing character: There is no 1 ("31) in font nullfont!
Missing character: There is no 5 ("35) in font nullfont!
Missing character: There is no ] ("5D) in font nullfont!
! Misplaced \omit.
\multispan ->\omit 
                   \@multispan 
l.5 ...height=0.9cm,angle=0]{defInform/xishi.png}}
                                                     \\[2pt]
I expect to see \omit only after tab marks or the \cr of
an alignment. Proceed, and I'll ignore this case.

! Misplaced \span.
\sp@n ->\span 
              \omit \advance \@multicnt \m@ne 
l.5 ...height=0.9cm,angle=0]{defInform/xishi.png}}
                                                     \\[2pt]
I can't figure out why you would want to use a tab mark
or \cr or \span just now. If something like a right brace
up above has ended a previous alignment prematurely,
you're probably due for more error messages, and you
might try typing `S' now just to see what is salvageable.

! Misplaced \omit.
\sp@n ->\span \omit 
                    \advance \@multicnt \m@ne 
l.5 ...height=0.9cm,angle=0]{defInform/xishi.png}}
                                                     \\[2pt]
I expect to see \omit only after tab marks or the \cr of
an alignment. Proceed, and I'll ignore this case.

! Misplaced \span.
\sp@n ->\span 
              \omit \advance \@multicnt \m@ne 
l.5 ...height=0.9cm,angle=0]{defInform/xishi.png}}
                                                     \\[2pt]
I can't figure out why you would want to use a tab mark
or \cr or \span just now. If something like a right brace
up above has ended a previous alignment prematurely,
you're probably due for more error messages, and you
might try typing `S' now just to see what is salvageable.

! Misplaced \omit.
\sp@n ->\span \omit 
                    \advance \@multicnt \m@ne 
l.5 ...height=0.9cm,angle=0]{defInform/xishi.png}}
                                                     \\[2pt]
I expect to see \omit only after tab marks or the \cr of
an alignment. Proceed, and I'll ignore this case.

! Misplaced \span.
\sp@n ->\span 
              \omit \advance \@multicnt \m@ne 
l.5 ...height=0.9cm,angle=0]{defInform/xishi.png}}
                                                     \\[2pt]
I can't figure out why you would want to use a tab mark
or \cr or \span just now. If something like a right brace
up above has ended a previous alignment prematurely,
you're probably due for more error messages, and you
might try typing `S' now just to see what is salvageable.

! Misplaced \omit.
\sp@n ->\span \omit 
                    \advance \@multicnt \m@ne 
l.5 ...height=0.9cm,angle=0]{defInform/xishi.png}}
                                                     \\[2pt]
I expect to see \omit only after tab marks or the \cr of
an alignment. Proceed, and I'll ignore this case.

! Undefined control sequence.
<argument> ...nextchar \ifcase \@chclass \@classz 
                                                  \or \@classi \or \@classii...
l.5 ...height=0.9cm,angle=0]{defInform/xishi.png}}
                                                     \\[2pt]
The control sequence at the end of the top line
of your error message was never \def'ed. If you have
misspelled it (e.g., `\hobx'), type `I' and the correct
spelling (e.g., `I\hbox'). Otherwise just continue,
and I'll forget about whatever was undefined.

! Undefined control sequence.
\@mkpream ...hclass }\ifcase \@lastchclass \@acol 
                                                  \or \or \@preamerr \@ne \o...
l.5 ...height=0.9cm,angle=0]{defInform/xishi.png}}
                                                     \\[2pt]
The control sequence at the end of the top line
of your error message was never \def'ed. If you have
misspelled it (e.g., `\hobx'), type `I' and the correct
spelling (e.g., `I\hbox'). Otherwise just continue,
and I'll forget about whatever was undefined.

! Misplaced \omit.
\multispan ->\omit 
                   \@multispan 
l.6 ...lumn{4}{c}{\zihao{-2}\bf 本科毕业论文（设计）指导教师评阅表}
                                                  \\\tabucline-
I expect to see \omit only after tab marks or the \cr of
an alignment. Proceed, and I'll ignore this case.

! Misplaced \span.
\sp@n ->\span 
              \omit \advance \@multicnt \m@ne 
l.6 ...lumn{4}{c}{\zihao{-2}\bf 本科毕业论文（设计）指导教师评阅表}
                                                  \\\tabucline-
I can't figure out why you would want to use a tab mark
or \cr or \span just now. If something like a right brace
up above has ended a previous alignment prematurely,
you're probably due for more error messages, and you
might try typing `S' now just to see what is salvageable.

! Misplaced \omit.
\sp@n ->\span \omit 
                    \advance \@multicnt \m@ne 
l.6 ...lumn{4}{c}{\zihao{-2}\bf 本科毕业论文（设计）指导教师评阅表}
                                                  \\\tabucline-
I expect to see \omit only after tab marks or the \cr of
an alignment. Proceed, and I'll ignore this case.

! Misplaced \span.
\sp@n ->\span 
              \omit \advance \@multicnt \m@ne 
l.6 ...lumn{4}{c}{\zihao{-2}\bf 本科毕业论文（设计）指导教师评阅表}
                                                  \\\tabucline-
I can't figure out why you would want to use a tab mark
or \cr or \span just now. If something like a right brace
up above has ended a previous alignment prematurely,
you're probably due for more error messages, and you
might try typing `S' now just to see what is salvageable.

! Misplaced \omit.
\sp@n ->\span \omit 
                    \advance \@multicnt \m@ne 
l.6 ...lumn{4}{c}{\zihao{-2}\bf 本科毕业论文（设计）指导教师评阅表}
                                                  \\\tabucline-
I expect to see \omit only after tab marks or the \cr of
an alignment. Proceed, and I'll ignore this case.

! Misplaced \span.
\sp@n ->\span 
              \omit \advance \@multicnt \m@ne 
l.6 ...lumn{4}{c}{\zihao{-2}\bf 本科毕业论文（设计）指导教师评阅表}
                                                  \\\tabucline-
I can't figure out why you would want to use a tab mark
or \cr or \span just now. If something like a right brace
up above has ended a previous alignment prematurely,
you're probably due for more error messages, and you
might try typing `S' now just to see what is salvageable.

! Misplaced \omit.
\sp@n ->\span \omit 
                    \advance \@multicnt \m@ne 
l.6 ...lumn{4}{c}{\zihao{-2}\bf 本科毕业论文（设计）指导教师评阅表}
                                                  \\\tabucline-
I expect to see \omit only after tab marks or the \cr of
an alignment. Proceed, and I'll ignore this case.

! Undefined control sequence.
<argument> ...nextchar \ifcase \@chclass \@classz 
                                                  \or \@classi \or \@classii...
l.6 ...lumn{4}{c}{\zihao{-2}\bf 本科毕业论文（设计）指导教师评阅表}
                                                  \\\tabucline-
The control sequence at the end of the top line
of your error message was never \def'ed. If you have
misspelled it (e.g., `\hobx'), type `I' and the correct
spelling (e.g., `I\hbox'). Otherwise just continue,
and I'll forget about whatever was undefined.

! Undefined control sequence.
\@mkpream ...hclass }\ifcase \@lastchclass \@acol 
                                                  \or \or \@preamerr \@ne \o...
l.6 ...lumn{4}{c}{\zihao{-2}\bf 本科毕业论文（设计）指导教师评阅表}
                                                  \\\tabucline-
The control sequence at the end of the top line
of your error message was never \def'ed. If you have
misspelled it (e.g., `\hobx'), type `I' and the correct
spelling (e.g., `I\hbox'). Otherwise just continue,
and I'll forget about whatever was undefined.

! Undefined control sequence.
<recently read> \tabucline 
                           
l.6 ...zihao{-2}\bf 本科毕业论文（设计）指导教师评阅表}\\\tabucline
                                                  -
The control sequence at the end of the top line
of your error message was never \def'ed. If you have
misspelled it (e.g., `\hobx'), type `I' and the correct
spelling (e.g., `I\hbox'). Otherwise just continue,
and I'll forget about whatever was undefined.

Missing character: There is no - ("2D) in font nullfont!
! Misplaced \omit.
\multispan ->\omit 
                   \@multispan 
l.7 ^^I\multicolumn{1}{|c|}{\bf 论文(设计)题目}
                                          & \multicolumn{3}{c|}{\fangsong\bi...
I expect to see \omit only after tab marks or the \cr of
an alignment. Proceed, and I'll ignore this case.

! Undefined control sequence.
<argument> ...nextchar \ifcase \@chclass \@classz 
                                                  \or \@classi \or \@classii...
l.7 ^^I\multicolumn{1}{|c|}{\bf 论文(设计)题目}
                                          & \multicolumn{3}{c|}{\fangsong\bi...
The control sequence at the end of the top line
of your error message was never \def'ed. If you have
misspelled it (e.g., `\hobx'), type `I' and the correct
spelling (e.g., `I\hbox'). Otherwise just continue,
and I'll forget about whatever was undefined.

! Undefined control sequence.
\@classi ->\ifcase \@lastchclass \@acol 
                                        \@arrayrule \or \@addtopreamble {\hs...
l.7 ^^I\multicolumn{1}{|c|}{\bf 论文(设计)题目}
                                          & \multicolumn{3}{c|}{\fangsong\bi...
The control sequence at the end of the top line
of your error message was never \def'ed. If you have
misspelled it (e.g., `\hobx'), type `I' and the correct
spelling (e.g., `I\hbox'). Otherwise just continue,
and I'll forget about whatever was undefined.

! Misplaced alignment tab character &.
l.7 ^^I\multicolumn{1}{|c|}{\bf 论文(设计)题目} &
                                            \multicolumn{3}{c|}{\fangsong\bi...
I can't figure out why you would want to use a tab mark
here. If you just want an ampersand, the remedy is
simple: Just type `I\&' now. But if some right brace
up above has ended a previous alignment prematurely,
you're probably due for more error messages, and you
might try typing `S' now just to see what is salvageable.

! Misplaced \omit.
\multispan ->\omit 
                   \@multispan 
l.7 ...题目} & \multicolumn{3}{c|}{\fangsong\biaoti}
                                                    \\\hline
I expect to see \omit only after tab marks or the \cr of
an alignment. Proceed, and I'll ignore this case.

! Misplaced \span.
\sp@n ->\span 
              \omit \advance \@multicnt \m@ne 
l.7 ...题目} & \multicolumn{3}{c|}{\fangsong\biaoti}
                                                    \\\hline
I can't figure out why you would want to use a tab mark
or \cr or \span just now. If something like a right brace
up above has ended a previous alignment prematurely,
you're probably due for more error messages, and you
might try typing `S' now just to see what is salvageable.

! Misplaced \omit.
\sp@n ->\span \omit 
                    \advance \@multicnt \m@ne 
l.7 ...题目} & \multicolumn{3}{c|}{\fangsong\biaoti}
                                                    \\\hline
I expect to see \omit only after tab marks or the \cr of
an alignment. Proceed, and I'll ignore this case.

! Misplaced \span.
\sp@n ->\span 
              \omit \advance \@multicnt \m@ne 
l.7 ...题目} & \multicolumn{3}{c|}{\fangsong\biaoti}
                                                    \\\hline
I can't figure out why you would want to use a tab mark
or \cr or \span just now. If something like a right brace
up above has ended a previous alignment prematurely,
you're probably due for more error messages, and you
might try typing `S' now just to see what is salvageable.

! Misplaced \omit.
\sp@n ->\span \omit 
                    \advance \@multicnt \m@ne 
l.7 ...题目} & \multicolumn{3}{c|}{\fangsong\biaoti}
                                                    \\\hline
I expect to see \omit only after tab marks or the \cr of
an alignment. Proceed, and I'll ignore this case.

! Undefined control sequence.
<argument> ...nextchar \ifcase \@chclass \@classz 
                                                  \or \@classi \or \@classii...
l.7 ...题目} & \multicolumn{3}{c|}{\fangsong\biaoti}
                                                    \\\hline
The control sequence at the end of the top line
of your error message was never \def'ed. If you have
misspelled it (e.g., `\hobx'), type `I' and the correct
spelling (e.g., `I\hbox'). Otherwise just continue,
and I'll forget about whatever was undefined.

! Undefined control sequence.
\@classi ->\ifcase \@lastchclass \@acol 
                                        \@arrayrule \or \@addtopreamble {\hs...
l.7 ...题目} & \multicolumn{3}{c|}{\fangsong\biaoti}
                                                    \\\hline
The control sequence at the end of the top line
of your error message was never \def'ed. If you have
misspelled it (e.g., `\hobx'), type `I' and the correct
spelling (e.g., `I\hbox'). Otherwise just continue,
and I'll forget about whatever was undefined.

! Misplaced \noalign.
\hline ->\noalign 
                  {\ifnum 0=`}\fi \hrule \@height \arrayrulewidth \futurelet...
l.7 ...ticolumn{3}{c|}{\fangsong\biaoti}  \\\hline
                                                  
I expect to see \noalign only after the \cr of
an alignment. Proceed, and I'll ignore this case.


Overfull \hbox (20.0pt too wide) in paragraph at lines 4--7
[]
 []

! Misplaced \omit.
\multispan ->\omit 
                   \@multispan 
l.8 ...^I\multicolumn{1}{|c|}{\bf\ziju{1.2}{学生姓名}}
                                                   & \multicolumn{1}{c|}{\fa...
I expect to see \omit only after tab marks or the \cr of
an alignment. Proceed, and I'll ignore this case.

! Undefined control sequence.
<argument> ...nextchar \ifcase \@chclass \@classz 
                                                  \or \@classi \or \@classii...
l.8 ...^I\multicolumn{1}{|c|}{\bf\ziju{1.2}{学生姓名}}
                                                   & \multicolumn{1}{c|}{\fa...
The control sequence at the end of the top line
of your error message was never \def'ed. If you have
misspelled it (e.g., `\hobx'), type `I' and the correct
spelling (e.g., `I\hbox'). Otherwise just continue,
and I'll forget about whatever was undefined.

! Undefined control sequence.
\@classi ->\ifcase \@lastchclass \@acol 
                                        \@arrayrule \or \@addtopreamble {\hs...
l.8 ...^I\multicolumn{1}{|c|}{\bf\ziju{1.2}{学生姓名}}
                                                   & \multicolumn{1}{c|}{\fa...
The control sequence at the end of the top line
of your error message was never \def'ed. If you have
misspelled it (e.g., `\hobx'), type `I' and the correct
spelling (e.g., `I\hbox'). Otherwise just continue,
and I'll forget about whatever was undefined.


! LaTeX Error: Missing \begin{document}.

See the LaTeX manual or LaTeX Companion for explanation.
Type  H <return>  for immediate help.
 ...                                              
                                                  
l.8 ...^I\multicolumn{1}{|c|}{\bf\ziju{1.2}{学生姓名}}
                                                   & \multicolumn{1}{c|}{\fa...

You're in trouble here.  Try typing  <return>  to proceed.
If that doesn't work, type  X <return>  to quit.

! Misplaced alignment tab character &.
l.8 ...\multicolumn{1}{|c|}{\bf\ziju{1.2}{学生姓名}} &
                                                   \multicolumn{1}{c|}{\fang...
I can't figure out why you would want to use a tab mark
here. If you just want an ampersand, the remedy is
simple: Just type `I\&' now. But if some right brace
up above has ended a previous alignment prematurely,
you're probably due for more error messages, and you
might try typing `S' now just to see what is salvageable.

! Misplaced \omit.
\multispan ->\omit 
                   \@multispan 
l.8 ...姓名}} & \multicolumn{1}{c|}{\fangsong\minzi}
                                                   &  \multicolumn{1}{c|}{\b...
I expect to see \omit only after tab marks or the \cr of
an alignment. Proceed, and I'll ignore this case.

! Undefined control sequence.
<argument> ...nextchar \ifcase \@chclass \@classz 
                                                  \or \@classi \or \@classii...
l.8 ...姓名}} & \multicolumn{1}{c|}{\fangsong\minzi}
                                                   &  \multicolumn{1}{c|}{\b...
The control sequence at the end of the top line
of your error message was never \def'ed. If you have
misspelled it (e.g., `\hobx'), type `I' and the correct
spelling (e.g., `I\hbox'). Otherwise just continue,
and I'll forget about whatever was undefined.

! Undefined control sequence.
\@classi ->\ifcase \@lastchclass \@acol 
                                        \@arrayrule \or \@addtopreamble {\hs...
l.8 ...姓名}} & \multicolumn{1}{c|}{\fangsong\minzi}
                                                   &  \multicolumn{1}{c|}{\b...
The control sequence at the end of the top line
of your error message was never \def'ed. If you have
misspelled it (e.g., `\hobx'), type `I' and the correct
spelling (e.g., `I\hbox'). Otherwise just continue,
and I'll forget about whatever was undefined.

! Misplaced alignment tab character &.
l.8 ...}} & \multicolumn{1}{c|}{\fangsong\minzi} &
                                                    \multicolumn{1}{c|}{\bf\...
I can't figure out why you would want to use a tab mark
here. If you just want an ampersand, the remedy is
simple: Just type `I\&' now. But if some right brace
up above has ended a previous alignment prematurely,
you're probably due for more error messages, and you
might try typing `S' now just to see what is salvageable.

! Misplaced \omit.
\multispan ->\omit 
                   \@multispan 
l.8 ...zi} &  \multicolumn{1}{c|}{\bf\ziju{2}{学号}}
                                                   & \multicolumn{1}{c|}{222...
I expect to see \omit only after tab marks or the \cr of
an alignment. Proceed, and I'll ignore this case.

! Undefined control sequence.
<argument> ...nextchar \ifcase \@chclass \@classz 
                                                  \or \@classi \or \@classii...
l.8 ...zi} &  \multicolumn{1}{c|}{\bf\ziju{2}{学号}}
                                                   & \multicolumn{1}{c|}{222...
The control sequence at the end of the top line
of your error message was never \def'ed. If you have
misspelled it (e.g., `\hobx'), type `I' and the correct
spelling (e.g., `I\hbox'). Otherwise just continue,
and I'll forget about whatever was undefined.

! Undefined control sequence.
\@classi ->\ifcase \@lastchclass \@acol 
                                        \@arrayrule \or \@addtopreamble {\hs...
l.8 ...zi} &  \multicolumn{1}{c|}{\bf\ziju{2}{学号}}
                                                   & \multicolumn{1}{c|}{222...
The control sequence at the end of the top line
of your error message was never \def'ed. If you have
misspelled it (e.g., `\hobx'), type `I' and the correct
spelling (e.g., `I\hbox'). Otherwise just continue,
and I'll forget about whatever was undefined.

! Misplaced alignment tab character &.
l.8 ...} &  \multicolumn{1}{c|}{\bf\ziju{2}{学号}} &
                                                   \multicolumn{1}{c|}{22222...
I can't figure out why you would want to use a tab mark
here. If you just want an ampersand, the remedy is
simple: Just type `I\&' now. But if some right brace
up above has ended a previous alignment prematurely,
you're probably due for more error messages, and you
might try typing `S' now just to see what is salvageable.

! Misplaced \omit.
\multispan ->\omit 
                   \@multispan 
l.8 ...iju{2}{学号}} & \multicolumn{1}{c|}{22222222}
                                                   \\\hline
I expect to see \omit only after tab marks or the \cr of
an alignment. Proceed, and I'll ignore this case.

! Undefined control sequence.
<argument> ...nextchar \ifcase \@chclass \@classz 
                                                  \or \@classi \or \@classii...
l.8 ...iju{2}{学号}} & \multicolumn{1}{c|}{22222222}
                                                   \\\hline
The control sequence at the end of the top line
of your error message was never \def'ed. If you have
misspelled it (e.g., `\hobx'), type `I' and the correct
spelling (e.g., `I\hbox'). Otherwise just continue,
and I'll forget about whatever was undefined.

! Undefined control sequence.
\@classi ->\ifcase \@lastchclass \@acol 
                                        \@arrayrule \or \@addtopreamble {\hs...
l.8 ...iju{2}{学号}} & \multicolumn{1}{c|}{22222222}
                                                   \\\hline
The control sequence at the end of the top line
of your error message was never \def'ed. If you have
misspelled it (e.g., `\hobx'), type `I' and the correct
spelling (e.g., `I\hbox'). Otherwise just continue,
and I'll forget about whatever was undefined.

! Misplaced \noalign.
\hline ->\noalign 
                  {\ifnum 0=`}\fi \hrule \@height \arrayrulewidth \futurelet...
l.8 ...}} & \multicolumn{1}{c|}{22222222} \\\hline
                                                  
I expect to see \noalign only after the \cr of
an alignment. Proceed, and I'll ignore this case.


Overfull \hbox (20.0pt too wide) in paragraph at lines 8--8
[]
 []

! Misplaced \omit.
\multispan ->\omit 
                   \@multispan 
l.9 ^^I\multicolumn{1}{|c|}{\bf 学院\,/\,专业\,/\,年级}
                                                  & \multicolumn{3}{c|}{数学与统...
I expect to see \omit only after tab marks or the \cr of
an alignment. Proceed, and I'll ignore this case.

! Undefined control sequence.
<argument> ...nextchar \ifcase \@chclass \@classz 
                                                  \or \@classi \or \@classii...
l.9 ^^I\multicolumn{1}{|c|}{\bf 学院\,/\,专业\,/\,年级}
                                                  & \multicolumn{3}{c|}{数学与统...
The control sequence at the end of the top line
of your error message was never \def'ed. If you have
misspelled it (e.g., `\hobx'), type `I' and the correct
spelling (e.g., `I\hbox'). Otherwise just continue,
and I'll forget about whatever was undefined.

! Undefined control sequence.
\@classi ->\ifcase \@lastchclass \@acol 
                                        \@arrayrule \or \@addtopreamble {\hs...
l.9 ^^I\multicolumn{1}{|c|}{\bf 学院\,/\,专业\,/\,年级}
                                                  & \multicolumn{3}{c|}{数学与统...
The control sequence at the end of the top line
of your error message was never \def'ed. If you have
misspelled it (e.g., `\hobx'), type `I' and the correct
spelling (e.g., `I\hbox'). Otherwise just continue,
and I'll forget about whatever was undefined.


! LaTeX Error: Missing \begin{document}.

See the LaTeX manual or LaTeX Companion for explanation.
Type  H <return>  for immediate help.
 ...                                              
                                                  
l.9 ^^I\multicolumn{1}{|c|}{\bf 学院\,/\,专业\,/\,年级}
                                                  & \multicolumn{3}{c|}{数学与统...

You're in trouble here.  Try typing  <return>  to proceed.
If that doesn't work, type  X <return>  to quit.

! Misplaced alignment tab character &.
l.9 ...multicolumn{1}{|c|}{\bf 学院\,/\,专业\,/\,年级} &
                                                   \multicolumn{3}{c|}{数学与统计...
I can't figure out why you would want to use a tab mark
here. If you just want an ampersand, the remedy is
simple: Just type `I\&' now. But if some right brace
up above has ended a previous alignment prematurely,
you're probably due for more error messages, and you
might try typing `S' now just to see what is salvageable.

! Misplaced \omit.
\multispan ->\omit 
                   \@multispan 
l.9 ...multicolumn{3}{c|}{数学与统计学院/数学与应用数学专业/2021级}
                                                    \\\hline
I expect to see \omit only after tab marks or the \cr of
an alignment. Proceed, and I'll ignore this case.

! Misplaced \span.
\sp@n ->\span 
              \omit \advance \@multicnt \m@ne 
l.9 ...multicolumn{3}{c|}{数学与统计学院/数学与应用数学专业/2021级}
                                                    \\\hline
I can't figure out why you would want to use a tab mark
or \cr or \span just now. If something like a right brace
up above has ended a previous alignment prematurely,
you're probably due for more error messages, and you
might try typing `S' now just to see what is salvageable.

! Misplaced \omit.
\sp@n ->\span \omit 
                    \advance \@multicnt \m@ne 
l.9 ...multicolumn{3}{c|}{数学与统计学院/数学与应用数学专业/2021级}
                                                    \\\hline
I expect to see \omit only after tab marks or the \cr of
an alignment. Proceed, and I'll ignore this case.

! Misplaced \span.
\sp@n ->\span 
              \omit \advance \@multicnt \m@ne 
l.9 ...multicolumn{3}{c|}{数学与统计学院/数学与应用数学专业/2021级}
                                                    \\\hline
I can't figure out why you would want to use a tab mark
or \cr or \span just now. If something like a right brace
up above has ended a previous alignment prematurely,
you're probably due for more error messages, and you
might try typing `S' now just to see what is salvageable.

! Misplaced \omit.
\sp@n ->\span \omit 
                    \advance \@multicnt \m@ne 
l.9 ...multicolumn{3}{c|}{数学与统计学院/数学与应用数学专业/2021级}
                                                    \\\hline
I expect to see \omit only after tab marks or the \cr of
an alignment. Proceed, and I'll ignore this case.

! Undefined control sequence.
<argument> ...nextchar \ifcase \@chclass \@classz 
                                                  \or \@classi \or \@classii...
l.9 ...multicolumn{3}{c|}{数学与统计学院/数学与应用数学专业/2021级}
                                                    \\\hline
The control sequence at the end of the top line
of your error message was never \def'ed. If you have
misspelled it (e.g., `\hobx'), type `I' and the correct
spelling (e.g., `I\hbox'). Otherwise just continue,
and I'll forget about whatever was undefined.

! Undefined control sequence.
\@classi ->\ifcase \@lastchclass \@acol 
                                        \@arrayrule \or \@addtopreamble {\hs...
l.9 ...multicolumn{3}{c|}{数学与统计学院/数学与应用数学专业/2021级}
                                                    \\\hline
The control sequence at the end of the top line
of your error message was never \def'ed. If you have
misspelled it (e.g., `\hobx'), type `I' and the correct
spelling (e.g., `I\hbox'). Otherwise just continue,
and I'll forget about whatever was undefined.

! Misplaced \noalign.
\hline ->\noalign 
                  {\ifnum 0=`}\fi \hrule \@height \arrayrulewidth \futurelet...
l.9 ...n{3}{c|}{数学与统计学院/数学与应用数学专业/2021级}  \\\hline
                                                  
I expect to see \noalign only after the \cr of
an alignment. Proceed, and I'll ignore this case.


Overfull \hbox (20.0pt too wide) in paragraph at lines 9--9
[]
 []

! Misplaced \omit.
\multispan ->\omit 
                   \@multispan 
l.10 ^^I\multicolumn{1}{|c|}{\bf\ziju{1.2}{指导教师}}
                                                  & \multicolumn{1}{c|}{奈斯如拉...
I expect to see \omit only after tab marks or the \cr of
an alignment. Proceed, and I'll ignore this case.

! Undefined control sequence.
<argument> ...nextchar \ifcase \@chclass \@classz 
                                                  \or \@classi \or \@classii...
l.10 ^^I\multicolumn{1}{|c|}{\bf\ziju{1.2}{指导教师}}
                                                  & \multicolumn{1}{c|}{奈斯如拉...
The control sequence at the end of the top line
of your error message was never \def'ed. If you have
misspelled it (e.g., `\hobx'), type `I' and the correct
spelling (e.g., `I\hbox'). Otherwise just continue,
and I'll forget about whatever was undefined.

! Undefined control sequence.
\@classi ->\ifcase \@lastchclass \@acol 
                                        \@arrayrule \or \@addtopreamble {\hs...
l.10 ^^I\multicolumn{1}{|c|}{\bf\ziju{1.2}{指导教师}}
                                                  & \multicolumn{1}{c|}{奈斯如拉...
The control sequence at the end of the top line
of your error message was never \def'ed. If you have
misspelled it (e.g., `\hobx'), type `I' and the correct
spelling (e.g., `I\hbox'). Otherwise just continue,
and I'll forget about whatever was undefined.


! LaTeX Error: Missing \begin{document}.

See the LaTeX manual or LaTeX Companion for explanation.
Type  H <return>  for immediate help.
 ...                                              
                                                  
l.10 ^^I\multicolumn{1}{|c|}{\bf\ziju{1.2}{指导教师}}
                                                  & \multicolumn{1}{c|}{奈斯如拉...

You're in trouble here.  Try typing  <return>  to proceed.
If that doesn't work, type  X <return>  to quit.

! Misplaced alignment tab character &.
l.10 ...multicolumn{1}{|c|}{\bf\ziju{1.2}{指导教师}} &
                                                   \multicolumn{1}{c|}{奈斯如拉....
I can't figure out why you would want to use a tab mark
here. If you just want an ampersand, the remedy is
simple: Just type `I\&' now. But if some right brace
up above has ended a previous alignment prematurely,
you're probably due for more error messages, and you
might try typing `S' now just to see what is salvageable.

! Misplaced \omit.
\multispan ->\omit 
                   \@multispan 
l.10 ...}{指导教师}} & \multicolumn{1}{c|}{奈斯如拉.阿布都艾山}
                                                   &  \multicolumn{1}{c|}{\b...
I expect to see \omit only after tab marks or the \cr of
an alignment. Proceed, and I'll ignore this case.

! Undefined control sequence.
<argument> ...nextchar \ifcase \@chclass \@classz 
                                                  \or \@classi \or \@classii...
l.10 ...}{指导教师}} & \multicolumn{1}{c|}{奈斯如拉.阿布都艾山}
                                                   &  \multicolumn{1}{c|}{\b...
The control sequence at the end of the top line
of your error message was never \def'ed. If you have
misspelled it (e.g., `\hobx'), type `I' and the correct
spelling (e.g., `I\hbox'). Otherwise just continue,
and I'll forget about whatever was undefined.

! Undefined control sequence.
\@classi ->\ifcase \@lastchclass \@acol 
                                        \@arrayrule \or \@addtopreamble {\hs...
l.10 ...}{指导教师}} & \multicolumn{1}{c|}{奈斯如拉.阿布都艾山}
                                                   &  \multicolumn{1}{c|}{\b...
The control sequence at the end of the top line
of your error message was never \def'ed. If you have
misspelled it (e.g., `\hobx'), type `I' and the correct
spelling (e.g., `I\hbox'). Otherwise just continue,
and I'll forget about whatever was undefined.

! Misplaced alignment tab character &.
l.10 ...指导教师}} & \multicolumn{1}{c|}{奈斯如拉.阿布都艾山} &
                                                    \multicolumn{1}{c|}{\bf ...
I can't figure out why you would want to use a tab mark
here. If you just want an ampersand, the remedy is
simple: Just type `I\&' now. But if some right brace
up above has ended a previous alignment prematurely,
you're probably due for more error messages, and you
might try typing `S' now just to see what is salvageable.

! Misplaced \omit.
\multispan ->\omit 
                   \@multispan 
l.10 ...如拉.阿布都艾山} &  \multicolumn{1}{c|}{\bf 评阅时间}
                                                   & \multicolumn{1}{c|}{} \...
I expect to see \omit only after tab marks or the \cr of
an alignment. Proceed, and I'll ignore this case.

! Undefined control sequence.
<argument> ...nextchar \ifcase \@chclass \@classz 
                                                  \or \@classi \or \@classii...
l.10 ...如拉.阿布都艾山} &  \multicolumn{1}{c|}{\bf 评阅时间}
                                                   & \multicolumn{1}{c|}{} \...
The control sequence at the end of the top line
of your error message was never \def'ed. If you have
misspelled it (e.g., `\hobx'), type `I' and the correct
spelling (e.g., `I\hbox'). Otherwise just continue,
and I'll forget about whatever was undefined.

! Undefined control sequence.
\@classi ->\ifcase \@lastchclass \@acol 
                                        \@arrayrule \or \@addtopreamble {\hs...
l.10 ...如拉.阿布都艾山} &  \multicolumn{1}{c|}{\bf 评阅时间}
                                                   & \multicolumn{1}{c|}{} \...
The control sequence at the end of the top line
of your error message was never \def'ed. If you have
misspelled it (e.g., `\hobx'), type `I' and the correct
spelling (e.g., `I\hbox'). Otherwise just continue,
and I'll forget about whatever was undefined.

! Misplaced alignment tab character &.
l.10 ....阿布都艾山} &  \multicolumn{1}{c|}{\bf 评阅时间} &
                                                   \multicolumn{1}{c|}{} \\\...
I can't figure out why you would want to use a tab mark
here. If you just want an ampersand, the remedy is
simple: Just type `I\&' now. But if some right brace
up above has ended a previous alignment prematurely,
you're probably due for more error messages, and you
might try typing `S' now just to see what is salvageable.

! Misplaced \omit.
\multispan ->\omit 
                   \@multispan 
l.10 ...n{1}{c|}{\bf 评阅时间} & \multicolumn{1}{c|}{}
                                                   \\\tabucline-
I expect to see \omit only after tab marks or the \cr of
an alignment. Proceed, and I'll ignore this case.

! Undefined control sequence.
<argument> ...nextchar \ifcase \@chclass \@classz 
                                                  \or \@classi \or \@classii...
l.10 ...n{1}{c|}{\bf 评阅时间} & \multicolumn{1}{c|}{}
                                                   \\\tabucline-
The control sequence at the end of the top line
of your error message was never \def'ed. If you have
misspelled it (e.g., `\hobx'), type `I' and the correct
spelling (e.g., `I\hbox'). Otherwise just continue,
and I'll forget about whatever was undefined.

! Undefined control sequence.
\@classi ->\ifcase \@lastchclass \@acol 
                                        \@arrayrule \or \@addtopreamble {\hs...
l.10 ...n{1}{c|}{\bf 评阅时间} & \multicolumn{1}{c|}{}
                                                   \\\tabucline-
The control sequence at the end of the top line
of your error message was never \def'ed. If you have
misspelled it (e.g., `\hobx'), type `I' and the correct
spelling (e.g., `I\hbox'). Otherwise just continue,
and I'll forget about whatever was undefined.

! Undefined control sequence.
<recently read> \tabucline 
                           
l.10 ...评阅时间} & \multicolumn{1}{c|}{} \\\tabucline
                                                  -
The control sequence at the end of the top line
of your error message was never \def'ed. If you have
misspelled it (e.g., `\hobx'), type `I' and the correct
spelling (e.g., `I\hbox'). Otherwise just continue,
and I'll forget about whatever was undefined.

Missing character: There is no - ("2D) in font nullfont!
! Undefined control sequence.
l.11 \tabuphantomline
                     
The control sequence at the end of the top line
of your error message was never \def'ed. If you have
misspelled it (e.g., `\hobx'), type `I' and the correct
spelling (e.g., `I\hbox'). Otherwise just continue,
and I'll forget about whatever was undefined.


! LaTeX Error: \begin{document} ended by \end{tabu}.

See the LaTeX manual or LaTeX Companion for explanation.
Type  H <return>  for immediate help.
 ...                                              
                                                  
l.12 \end{tabu}
               
Your command was ignored.
Type  I <command> <return>  to replace it with another command,
or  <return>  to continue without it.


Overfull \hbox (20.0pt too wide) in paragraph at lines 10--15
[]
 []


! LaTeX Error: Environment tabu undefined.

See the LaTeX manual or LaTeX Companion for explanation.
Type  H <return>  for immediate help.
 ...                                              
                                                  
l.16 \begin{tabu}
                 {|X[0.12cm]|X[m,4.8cm]|}\tabucline-
Your command was ignored.
Type  I <command> <return>  to replace it with another command,
or  <return>  to continue without it.


! LaTeX Error: Missing \begin{document}.

See the LaTeX manual or LaTeX Companion for explanation.
Type  H <return>  for immediate help.
 ...                                              
                                                  
l.16 \begin{tabu}{|
                   X[0.12cm]|X[m,4.8cm]|}\tabucline-
You're in trouble here.  Try typing  <return>  to proceed.
If that doesn't work, type  X <return>  to quit.

Missing character: There is no | ("7C) in font nullfont!
Missing character: There is no X ("58) in font nullfont!
Missing character: There is no [ ("5B) in font nullfont!
Missing character: There is no 0 ("30) in font nullfont!
Missing character: There is no . ("2E) in font nullfont!
Missing character: There is no 1 ("31) in font nullfont!
Missing character: There is no 2 ("32) in font nullfont!
Missing character: There is no c ("63) in font nullfont!
Missing character: There is no m ("6D) in font nullfont!
Missing character: There is no ] ("5D) in font nullfont!
Missing character: There is no | ("7C) in font nullfont!
Missing character: There is no X ("58) in font nullfont!
Missing character: There is no [ ("5B) in font nullfont!
Missing character: There is no m ("6D) in font nullfont!
Missing character: There is no , ("2C) in font nullfont!
Missing character: There is no 4 ("34) in font nullfont!
Missing character: There is no . ("2E) in font nullfont!
Missing character: There is no 8 ("38) in font nullfont!
Missing character: There is no c ("63) in font nullfont!
Missing character: There is no m ("6D) in font nullfont!
Missing character: There is no ] ("5D) in font nullfont!
Missing character: There is no | ("7C) in font nullfont!
! Undefined control sequence.
l.16 ...in{tabu}{|X[0.12cm]|X[m,4.8cm]|}\tabucline
                                                  -
The control sequence at the end of the top line
of your error message was never \def'ed. If you have
misspelled it (e.g., `\hobx'), type `I' and the correct
spelling (e.g., `I\hbox'). Otherwise just continue,
and I'll forget about whatever was undefined.

Missing character: There is no - ("2D) in font nullfont!
! Undefined control sequence.
l.17 ^^I{\vspace{6.8cm}{\bf
                            评阅意见}\vspace{6.8cm}} &
The control sequence at the end of the top line
of your error message was never \def'ed. If you have
misspelled it (e.g., `\hobx'), type `I' and the correct
spelling (e.g., `I\hbox'). Otherwise just continue,
and I'll forget about whatever was undefined.

Missing character: There is no 评 ("8BC4) in font nullfont!
Missing character: There is no 阅 ("9605) in font nullfont!
Missing character: There is no 意 ("610F) in font nullfont!
Missing character: There is no 见 ("89C1) in font nullfont!
! Misplaced alignment tab character &.
l.17 ^^I{\vspace{6.8cm}{\bf 评阅意见}\vspace{6.8cm}} &
                                                  
I can't figure out why you would want to use a tab mark
here. If you just want an ampersand, the remedy is
simple: Just type `I\&' now. But if some right brace
up above has ended a previous alignment prematurely,
you're probably due for more error messages, and you
might try typing `S' now just to see what is salvageable.


! LaTeX Error: Environment tabu undefined.

See the LaTeX manual or LaTeX Companion for explanation.
Type  H <return>  for immediate help.
 ...                                              
                                                  
l.19 \begin{tabu}
                 {X}
Your command was ignored.
Type  I <command> <return>  to replace it with another command,
or  <return>  to continue without it.

Missing character: There is no X ("58) in font nullfont!

! LaTeX Error: \begin{document} ended by \end{tabu}.

See the LaTeX manual or LaTeX Companion for explanation.
Type  H <return>  for immediate help.
 ...                                              
                                                  
l.22 \end{tabu}
               ^^I^^I^^I%--------------------
Your command was ignored.
Type  I <command> <return>  to replace it with another command,
or  <return>  to continue without it.


! LaTeX Error: \begin{document} ended by \end{tabu}.

See the LaTeX manual or LaTeX Companion for explanation.
Type  H <return>  for immediate help.
 ...                                              
                                                  
l.24 \end{tabu}
               
Your command was ignored.
Type  I <command> <return>  to replace it with another command,
or  <return>  to continue without it.


Overfull \hbox (20.0pt too wide) in paragraph at lines 16--26
[]
 []


! LaTeX Error: Environment tabu undefined.

See the LaTeX manual or LaTeX Companion for explanation.
Type  H <return>  for immediate help.
 ...                                              
                                                  
l.27 \begin{tabu}
                  {|X[c]|X[c,3.8]|}\hline
Your command was ignored.
Type  I <command> <return>  to replace it with another command,
or  <return>  to continue without it.


! LaTeX Error: Missing \begin{document}.

See the LaTeX manual or LaTeX Companion for explanation.
Type  H <return>  for immediate help.
 ...                                              
                                                  
l.27 \begin{tabu} {|
                    X[c]|X[c,3.8]|}\hline
You're in trouble here.  Try typing  <return>  to proceed.
If that doesn't work, type  X <return>  to quit.

Missing character: There is no | ("7C) in font nullfont!
Missing character: There is no X ("58) in font nullfont!
Missing character: There is no [ ("5B) in font nullfont!
Missing character: There is no c ("63) in font nullfont!
Missing character: There is no ] ("5D) in font nullfont!
Missing character: There is no | ("7C) in font nullfont!
Missing character: There is no X ("58) in font nullfont!
Missing character: There is no [ ("5B) in font nullfont!
Missing character: There is no c ("63) in font nullfont!
Missing character: There is no , ("2C) in font nullfont!
Missing character: There is no 3 ("33) in font nullfont!
Missing character: There is no . ("2E) in font nullfont!
Missing character: There is no 8 ("38) in font nullfont!
Missing character: There is no ] ("5D) in font nullfont!
Missing character: There is no | ("7C) in font nullfont!
! Misplaced \noalign.
\hline ->\noalign 
                  {\ifnum 0=`}\fi \hrule \@height \arrayrulewidth \futurelet...
l.27 \begin{tabu} {|X[c]|X[c,3.8]|}\hline
                                         
I expect to see \noalign only after the \cr of
an alignment. Proceed, and I'll ignore this case.


Overfull \hbox (20.0pt too wide) in paragraph at lines 27--27
[] 
 []

! Undefined control sequence.
l.28 {\bf
          论文评定成绩} &  \\\tabucline-
The control sequence at the end of the top line
of your error message was never \def'ed. If you have
misspelled it (e.g., `\hobx'), type `I' and the correct
spelling (e.g., `I\hbox'). Otherwise just continue,
and I'll forget about whatever was undefined.


! LaTeX Error: Missing \begin{document}.

See the LaTeX manual or LaTeX Companion for explanation.
Type  H <return>  for immediate help.
 ...                                              
                                                  
l.28 {\bf 论
           文评定成绩} &  \\\tabucline-
You're in trouble here.  Try typing  <return>  to proceed.
If that doesn't work, type  X <return>  to quit.

Missing character: There is no 论 ("8BBA) in font nullfont!
Missing character: There is no 文 ("6587) in font nullfont!
Missing character: There is no 评 ("8BC4) in font nullfont!
Missing character: There is no 定 ("5B9A) in font nullfont!
Missing character: There is no 成 ("6210) in font nullfont!
Missing character: There is no 绩 ("7EE9) in font nullfont!
! Misplaced alignment tab character &.
l.28 {\bf 论文评定成绩} &
                     \\\tabucline-
I can't figure out why you would want to use a tab mark
here. If you just want an ampersand, the remedy is
simple: Just type `I\&' now. But if some right brace
up above has ended a previous alignment prematurely,
you're probably due for more error messages, and you
might try typing `S' now just to see what is salvageable.

! Undefined control sequence.
<recently read> \tabucline 
                           
l.28 {\bf 论文评定成绩} &  \\\tabucline
                                 -
The control sequence at the end of the top line
of your error message was never \def'ed. If you have
misspelled it (e.g., `\hobx'), type `I' and the correct
spelling (e.g., `I\hbox'). Otherwise just continue,
and I'll forget about whatever was undefined.

Missing character: There is no - ("2D) in font nullfont!
! Undefined control sequence.
l.29 \ziju
          {0.25}{\bf 评阅人签名}   &  \\\tabucline-
The control sequence at the end of the top line
of your error message was never \def'ed. If you have
misspelled it (e.g., `\hobx'), type `I' and the correct
spelling (e.g., `I\hbox'). Otherwise just continue,
and I'll forget about whatever was undefined.

Missing character: There is no 0 ("30) in font nullfont!
Missing character: There is no . ("2E) in font nullfont!
Missing character: There is no 2 ("32) in font nullfont!
Missing character: There is no 5 ("35) in font nullfont!
! Undefined control sequence.
l.29 \ziju{0.25}{\bf
                     评阅人签名}   &  \\\tabucline-
The control sequence at the end of the top line
of your error message was never \def'ed. If you have
misspelled it (e.g., `\hobx'), type `I' and the correct
spelling (e.g., `I\hbox'). Otherwise just continue,
and I'll forget about whatever was undefined.

Missing character: There is no 评 ("8BC4) in font nullfont!
Missing character: There is no 阅 ("9605) in font nullfont!
Missing character: There is no 人 ("4EBA) in font nullfont!
Missing character: There is no 签 ("7B7E) in font nullfont!
Missing character: There is no 名 ("540D) in font nullfont!
! Misplaced alignment tab character &.
l.29 \ziju{0.25}{\bf 评阅人签名}   &
                                 \\\tabucline-
I can't figure out why you would want to use a tab mark
here. If you just want an ampersand, the remedy is
simple: Just type `I\&' now. But if some right brace
up above has ended a previous alignment prematurely,
you're probably due for more error messages, and you
might try typing `S' now just to see what is salvageable.

! Undefined control sequence.
<recently read> \tabucline 
                           
l.29 \ziju{0.25}{\bf 评阅人签名}   &  \\\tabucline
                                             -
The control sequence at the end of the top line
of your error message was never \def'ed. If you have
misspelled it (e.g., `\hobx'), type `I' and the correct
spelling (e.g., `I\hbox'). Otherwise just continue,
and I'll forget about whatever was undefined.

Missing character: There is no - ("2D) in font nullfont!
! Undefined control sequence.
l.30 \ziju
          {4}{\bf 备注}        &  \\\tabucline-
The control sequence at the end of the top line
of your error message was never \def'ed. If you have
misspelled it (e.g., `\hobx'), type `I' and the correct
spelling (e.g., `I\hbox'). Otherwise just continue,
and I'll forget about whatever was undefined.

Missing character: There is no 4 ("34) in font nullfont!
! Undefined control sequence.
l.30 \ziju{4}{\bf
                  备注}        &  \\\tabucline-
The control sequence at the end of the top line
of your error message was never \def'ed. If you have
misspelled it (e.g., `\hobx'), type `I' and the correct
spelling (e.g., `I\hbox'). Otherwise just continue,
and I'll forget about whatever was undefined.

Missing character: There is no 备 ("5907) in font nullfont!
Missing character: There is no 注 ("6CE8) in font nullfont!
! Misplaced alignment tab character &.
l.30 \ziju{4}{\bf 备注}        &
                                \\\tabucline-
I can't figure out why you would want to use a tab mark
here. If you just want an ampersand, the remedy is
simple: Just type `I\&' now. But if some right brace
up above has ended a previous alignment prematurely,
you're probably due for more error messages, and you
might try typing `S' now just to see what is salvageable.

! Undefined control sequence.
<recently read> \tabucline 
                           
l.30 \ziju{4}{\bf 备注}        &  \\\tabucline
                                            -
The control sequence at the end of the top line
of your error message was never \def'ed. If you have
misspelled it (e.g., `\hobx'), type `I' and the correct
spelling (e.g., `I\hbox'). Otherwise just continue,
and I'll forget about whatever was undefined.

Missing character: There is no - ("2D) in font nullfont!

! LaTeX Error: \begin{document} ended by \end{tabu}.

See the LaTeX manual or LaTeX Companion for explanation.
Type  H <return>  for immediate help.
 ...                                              
                                                  
l.31 \end{tabu}
               
Your command was ignored.
Type  I <command> <return>  to replace it with another command,
or  <return>  to continue without it.

)
! Emergency stop.
<*> biaoge_zhidao.tex
                     
*** (job aborted, no legal \end found)

 
Here is how much of TeX's memory you used:
 26 strings out of 474772
 434 string characters out of 5761268
 1918842 words of memory out of 5000000
 22281 multiletter control sequences out of 15000+600000
 558069 words of font info for 36 fonts, out of 8000000 for 9000
 1348 hyphenation exceptions out of 8191
 17i,1n,21p,216b,60s stack positions out of 10000i,1000n,20000p,200000b,200000s
No pages of output.
